<?xml version="1.0" encoding="UTF-8"?>
<!-- Generated by org.testng.reporters.JUnitXMLReporter -->
<testsuite ignored="2" hostname="JangS" failures="0" tests="1" name="AndoirdEmulator" time="19.697" errors="0" timestamp="2022-11-01T22:07:28 EDT">
  <testcase classname="com.qa.tests.LoginTests" name="invalidUserName" time="5.649"/>
  <testcase classname="com.qa.tests.LoginTests" name="invalidPassword" time="0.0">
    <ignored/>
  </testcase> <!-- invalidPassword -->
  <testcase classname="com.qa.tests.LoginTests" name="successfulLogin" time="0.0">
    <ignored/>
  </testcase> <!-- successfulLogin -->
</testsuite> <!-- AndoirdEmulator -->
