<?xml version="1.0" encoding="UTF-8"?>
<!-- Generated by org.testng.reporters.JUnitXMLReporter -->
<testsuite ignored="2" hostname="JangS" failures="0" tests="1" name="Test" time="22.313" errors="0" timestamp="2022-10-30T00:25:31 EDT">
  <testcase classname="com.qa.tests.LoginTests" name="invalidUserName" time="5.378"/>
  <testcase classname="com.qa.tests.LoginTests" name="successfulLogin" time="0.0">
    <ignored/>
  </testcase> <!-- successfulLogin -->
  <testcase classname="com.qa.tests.LoginTests" name="invalidPassword" time="0.0">
    <ignored/>
  </testcase> <!-- invalidPassword -->
</testsuite> <!-- Test -->
