<?xml version="1.0" encoding="UTF-8"?>
<testng-results ignored="2" total="3" passed="1" failed="0" skipped="0">
  <reporter-output>
  </reporter-output>
  <suite started-at="2022-11-01T22:07:08 EDT" name="Suite" finished-at="2022-11-01T22:07:28 EDT" duration-ms="19697">
    <groups>
    </groups>
    <test started-at="2022-11-01T22:07:08 EDT" name="AndoirdEmulator" finished-at="2022-11-01T22:07:28 EDT" duration-ms="19697">
      <class name="com.qa.tests.LoginTests">
        <test-method is-config="true" signature="beforeSuite()[pri:0, instance:com.qa.tests.LoginTests@17a1e4ca]" started-at="2022-11-01T22:07:06 EDT" name="beforeSuite" finished-at="2022-11-01T22:07:08 EDT" duration-ms="2511" status="PASS">
          <reporter-output>
          </reporter-output>
        </test-method> <!-- beforeSuite -->
        <test-method is-config="true" signature="beforeTest(java.lang.String,java.lang.String,java.lang.String,java.lang.String,java.lang.String,java.lang.String,java.lang.String)[pri:0, instance:com.qa.tests.LoginTests@17a1e4ca]" started-at="2022-11-01T22:07:08 EDT" name="beforeTest" finished-at="2022-11-01T22:07:19 EDT" duration-ms="10724" status="PASS">
          <params>
            <param index="0">
              <value>
                <![CDATA[Android]]>
              </value>
            </param>
            <param index="1">
              <value>
                <![CDATA[11.0]]>
              </value>
            </param>
            <param index="2">
              <value>
                <![CDATA[emulator-5554]]>
              </value>
            </param>
            <param index="3">
              <value>
                <![CDATA[pixel_4]]>
              </value>
            </param>
            <param index="4">
              <value>
                <![CDATA[true]]>
              </value>
            </param>
            <param index="5">
              <value>
                <![CDATA[10000]]>
              </value>
            </param>
            <param index="6">
              <value>
                <![CDATA[11000]]>
              </value>
            </param>
          </params>
          <reporter-output>
          </reporter-output>
        </test-method> <!-- beforeTest -->
        <test-method is-config="true" signature="beforeClass()[pri:0, instance:com.qa.tests.LoginTests@17a1e4ca]" started-at="2022-11-01T22:07:19 EDT" name="beforeClass" finished-at="2022-11-01T22:07:21 EDT" duration-ms="2013" status="PASS">
          <reporter-output>
          </reporter-output>
        </test-method> <!-- beforeClass -->
        <test-method is-config="true" signature="beforeMethod()[pri:0, instance:com.qa.tests.LoginTests@17a1e4ca]" started-at="2022-11-01T22:07:21 EDT" name="beforeMethod" finished-at="2022-11-01T22:07:22 EDT" duration-ms="660" status="PASS">
          <reporter-output>
          </reporter-output>
        </test-method> <!-- beforeMethod -->
        <test-method is-config="true" signature="beforeMethod(java.lang.reflect.Method)[pri:0, instance:com.qa.tests.LoginTests@17a1e4ca]" started-at="2022-11-01T22:07:22 EDT" name="beforeMethod" finished-at="2022-11-01T22:07:22 EDT" duration-ms="15" status="PASS">
          <params>
            <param index="0">
              <value>
                <![CDATA[public void com.qa.tests.LoginTests.invalidUserName()]]>
              </value>
            </param>
          </params>
          <reporter-output>
          </reporter-output>
        </test-method> <!-- beforeMethod -->
        <test-method signature="invalidUserName()[pri:0, instance:com.qa.tests.LoginTests@17a1e4ca]" started-at="2022-11-01T22:07:22 EDT" name="invalidUserName" finished-at="2022-11-01T22:07:28 EDT" duration-ms="5649" status="PASS">
          <reporter-output>
          </reporter-output>
        </test-method> <!-- invalidUserName -->
        <test-method is-config="true" signature="afterMethod()[pri:0, instance:com.qa.tests.LoginTests@17a1e4ca]" started-at="2022-11-01T22:07:28 EDT" name="afterMethod" finished-at="2022-11-01T22:07:28 EDT" duration-ms="1" status="PASS">
          <reporter-output>
          </reporter-output>
        </test-method> <!-- afterMethod -->
        <test-method is-config="true" signature="afterMethod(org.testng.ITestResult)[pri:0, instance:com.qa.tests.LoginTests@17a1e4ca]" started-at="2022-11-01T22:07:28 EDT" name="afterMethod" finished-at="2022-11-01T22:07:28 EDT" duration-ms="210" status="PASS">
          <params>
            <param index="0">
              <value>
                <![CDATA[[TestResult name=invalidUserName status=SUCCESS method=LoginTests.invalidUserName()[pri:0, instance:com.qa.tests.LoginTests@17a1e4ca] output={null}]]]>
              </value>
            </param>
          </params>
          <reporter-output>
          </reporter-output>
        </test-method> <!-- afterMethod -->
        <test-method is-config="true" signature="afterClass()[pri:0, instance:com.qa.tests.LoginTests@17a1e4ca]" started-at="2022-11-01T22:07:28 EDT" name="afterClass" finished-at="2022-11-01T22:07:28 EDT" duration-ms="1" status="PASS">
          <reporter-output>
          </reporter-output>
        </test-method> <!-- afterClass -->
        <test-method is-config="true" signature="afterTest()[pri:0, instance:com.qa.tests.LoginTests@17a1e4ca]" started-at="2022-11-01T22:07:28 EDT" name="afterTest" finished-at="2022-11-01T22:07:28 EDT" duration-ms="361" status="PASS">
          <reporter-output>
          </reporter-output>
        </test-method> <!-- afterTest -->
        <test-method is-config="true" signature="afterSuite()[pri:0, instance:com.qa.tests.LoginTests@17a1e4ca]" started-at="2022-11-01T22:07:28 EDT" name="afterSuite" finished-at="2022-11-01T22:07:28 EDT" duration-ms="57" status="PASS">
          <reporter-output>
          </reporter-output>
        </test-method> <!-- afterSuite -->
      </class> <!-- com.qa.tests.LoginTests -->
    </test> <!-- AndoirdEmulator -->
  </suite> <!-- Suite -->
</testng-results>
